2024-06-11 16:35:02.999 | INFO     | extract:buscar_dados_commodities:19 - Dados de CL=F:                                 Open       High        Low      Close  Volume  Dividends  Stock Splits simbolo
Date                                                                                                          
2024-06-06 00:00:00-04:00  74.300003  75.790001  74.059998  75.550003  291082        0.0           0.0    CL=F
2024-06-07 00:00:00-04:00  75.669998  76.250000  75.209999  75.529999  280253        0.0           0.0    CL=F
2024-06-10 00:00:00-04:00  75.349998  78.290001  75.230003  77.739998  280253        0.0           0.0    CL=F
2024-06-11 00:00:00-04:00  78.120003  78.360001  77.220001  77.839996  273367        0.0           0.0    CL=F
2024-06-11 16:35:03.021 | INFO     | extract:buscar_todos_dados_commodities:30 - Dados concatenados para CL=F:                                 Open       High        Low      Close  Volume  Dividends  Stock Splits simbolo
Date                                                                                                          
2024-06-06 00:00:00-04:00  74.300003  75.790001  74.059998  75.550003  291082        0.0           0.0    CL=F
2024-06-07 00:00:00-04:00  75.669998  76.250000  75.209999  75.529999  280253        0.0           0.0    CL=F
2024-06-10 00:00:00-04:00  75.349998  78.290001  75.230003  77.739998  280253        0.0           0.0    CL=F
2024-06-11 00:00:00-04:00  78.120003  78.360001  77.220001  77.839996  273367        0.0           0.0    CL=F
2024-06-11 16:35:03.238 | INFO     | extract:buscar_dados_commodities:19 - Dados de GC=F:                                   Open         High          Low        Close  Volume  Dividends  Stock Splits simbolo
Date                                                                                                                  
2024-06-06 00:00:00-04:00  2355.000000  2375.800049  2355.000000  2370.300049     179        0.0           0.0    GC=F
2024-06-07 00:00:00-04:00  2379.899902  2385.100098  2285.399902  2305.199951     269        0.0           0.0    GC=F
2024-06-10 00:00:00-04:00  2290.600098  2309.300049  2290.500000  2307.699951     269        0.0           0.0    GC=F
2024-06-11 00:00:00-04:00  2329.500000  2337.300049  2314.500000  2331.100098  138650        0.0           0.0    GC=F
2024-06-11 16:35:03.262 | INFO     | extract:buscar_todos_dados_commodities:30 - Dados concatenados para GC=F:                                   Open         High          Low        Close  Volume  Dividends  Stock Splits simbolo
Date                                                                                                                  
2024-06-06 00:00:00-04:00  2355.000000  2375.800049  2355.000000  2370.300049     179        0.0           0.0    GC=F
2024-06-07 00:00:00-04:00  2379.899902  2385.100098  2285.399902  2305.199951     269        0.0           0.0    GC=F
2024-06-10 00:00:00-04:00  2290.600098  2309.300049  2290.500000  2307.699951     269        0.0           0.0    GC=F
2024-06-11 00:00:00-04:00  2329.500000  2337.300049  2314.500000  2331.100098  138650        0.0           0.0    GC=F
2024-06-11 16:35:03.481 | INFO     | extract:buscar_dados_commodities:19 - Dados de SI=F:                                 Open       High        Low      Close  Volume  Dividends  Stock Splits simbolo
Date                                                                                                          
2024-06-06 00:00:00-04:00  30.559999  31.320000  30.559999  31.247000     282        0.0           0.0    SI=F
2024-06-07 00:00:00-04:00  31.525000  31.525000  29.299999  29.334999      10        0.0           0.0    SI=F
2024-06-10 00:00:00-04:00  29.590000  29.768999  29.480000  29.768999      10        0.0           0.0    SI=F
2024-06-11 00:00:00-04:00  29.950001  29.985001  29.135000  29.309999   79870        0.0           0.0    SI=F
2024-06-11 16:35:03.501 | INFO     | extract:buscar_todos_dados_commodities:30 - Dados concatenados para SI=F:                                 Open       High        Low      Close  Volume  Dividends  Stock Splits simbolo
Date                                                                                                          
2024-06-06 00:00:00-04:00  30.559999  31.320000  30.559999  31.247000     282        0.0           0.0    SI=F
2024-06-07 00:00:00-04:00  31.525000  31.525000  29.299999  29.334999      10        0.0           0.0    SI=F
2024-06-10 00:00:00-04:00  29.590000  29.768999  29.480000  29.768999      10        0.0           0.0    SI=F
2024-06-11 00:00:00-04:00  29.950001  29.985001  29.135000  29.309999   79870        0.0           0.0    SI=F
